[2017-07-07 09:01:09.984] [INFO] /Users/zhangzhao/Desktop/nodejs/helloworld/routes/index - This i    kkkkkkkk   s an index page!
[2017-07-07 09:01:09.991] [ERROR] /Users/zhangzhao/Desktop/nodejs/helloworld/routes/index - 错误错误粗我
[2017-07-07 09:01:09.991] [ERROR] /Users/zhangzhao/Desktop/nodejs/helloworld/routes/index - 错误
[2017-07-07 09:01:09.992] [WARN] /Users/zhangzhao/Desktop/nodejs/helloworld/routes/index - 警告
[2017-07-07 09:01:10.010] [INFO] [default] - GET /
[2017-07-07 09:01:10.031] [INFO] [default] - GET /stylesheets/style.css
[2017-07-07 09:01:10.214] [ERROR] [default] - GET /favicon.ico
[2017-07-07 09:05:07.048] [INFO] /Users/zhangzhao/Desktop/nodejs/helloworld/routes/index - This i    kkkkkkkk   s an index page!
[2017-07-07 09:05:07.068] [WARN] [default] - GET /
[2017-07-07 09:05:07.084] [WARN] [default] - GET /stylesheets/style.css
[2017-07-07 09:38:32.748] [ERROR] [default] - GET /
[2017-07-07 09:38:49.082] [ERROR] [default] - GET /
[2017-07-07 09:38:55.640] [INFO] /Users/zhangzhao/Desktop/nodejs/helloworld/routes/index - This i    kkkkkkkk   s an index page!
[2017-07-07 09:38:55.644] [ERROR] /Users/zhangzhao/Desktop/nodejs/helloworld/routes/index - 错误错误粗我
[2017-07-07 09:38:55.645] [ERROR] /Users/zhangzhao/Desktop/nodejs/helloworld/routes/index - 错误
[2017-07-07 09:38:55.645] [WARN] /Users/zhangzhao/Desktop/nodejs/helloworld/routes/index - 警告
[2017-07-07 09:38:55.663] [INFO] [default] - GET /
[2017-07-07 09:38:55.680] [WARN] [default] - GET /stylesheets/style.css
[2017-07-07 09:39:02.330] [INFO] [default] - GET /users
[2017-07-07 09:39:05.780] [INFO] console - name
[2017-07-07 09:39:05.783] [INFO] [default] - GET /users/name
[2017-07-07 09:39:06.270] [INFO] console - 连接成功！
[2017-07-07 09:39:06.514] [INFO] console - { result: { ok: 1, n: 2, opTime: { ts: [Object], t: 1 } },
  ops: 
   [ { name: '菜鸟教程',
       url: 'www.runoob.com',
       _id: 595ee63a3b0c5c1396cad891 },
     { name: '菜鸟工具',
       url: 'c.runoob.com',
       _id: 595ee63a3b0c5c1396cad892 } ],
  insertedCount: 2,
  insertedIds: [ 595ee63a3b0c5c1396cad891, 595ee63a3b0c5c1396cad892 ] }
[2017-07-07 09:39:10.198] [INFO] console - 读取日志：
[2017-07-06 17:31:11.652] [INFO] /Users/zhangzhao/Desktop/nodejs/helloworld/routes/index - This i    kkkkkkkk   s an index page!
[2017-07-06 17:31:11.655] [ERROR] /Users/zhangzhao/Desktop/nodejs/helloworld/routes/index - 错误错误粗我
[2017-07-06 17:31:11.655] [ERROR] /Users/zhangzhao/Desktop/nodejs/helloworld/routes/index - 错误
[2017-07-06 17:31:11.656] [WARN] /Users/zhangzhao/Desktop/nodejs/helloworld/routes/index - 警告
[2017-07-06 17:31:11.671] [WARN] [default] - GET /
[2017-07-06 17:31:11.686] [WARN] [default] - GET /stylesheets/style.css
[2017-07-06 17:32:08.180] [INFO] /Users/zhangzhao/Desktop/nodejs/helloworld/routes/index - This i    kkkkkkkk   s an index page!
[2017-07-06 17:32:08.184] [ERROR] /Users/zhangzhao/Desktop/nodejs/helloworld/routes/index - 错误错误粗我
[2017-07-06 17:32:08.185] [ERROR] /Users/zhangzhao/Desktop/nodejs/helloworld/routes/index - 错误
[2017-07-06 17:32:08.185] [WARN] /Users/zhangzhao/Desktop/nodejs/helloworld/routes/index - 警告
[2017-07-06 17:32:08.201] [WARN] [default] - GET /
[2017-07-06 17:32:08.217] [WARN] [default] - GET /stylesheets/style.css
[2017-07-06 17:32:17.787] [ERROR] [default] - GET /logs
[2017-07-06 17:32:57.688] [INFO] console - 读取日志：
[2017-07-06 17:31:11.652] [INFO] /Users/zhangzhao/Desktop/nodejs/helloworld/routes/index - This i    kkkkkkkk   s an index page!
[2017-07-06 17:31:11.655] [ERROR] /Users/zhangzhao/Desktop/nodejs/helloworld/routes/index - 错误错误粗我
[2017-07-06 17:31:11.655] [ERROR] /Users/zhangzhao/Desktop/nodejs/helloworld/routes/index - 错误
[2017-07-06 17:31:11.656] [WARN] /Users/zhangzhao/Desktop/nodejs/helloworld/routes/index - 警告
[2017-07-06 17:31:11.671] [WARN] [default] - GET /
[2017-07-06 17:31:11.686] [WARN] [default] - GET /stylesheets/style.css
[2017-07-06 17:32:08.180] [INFO] /Users/zhangzhao/Desktop/nodejs/helloworld/routes/index - This i    kkkkkkkk   s an index page!
[2017-07-06 17:32:08.184] [ERROR] /Users/zhangzhao/Desktop/nodejs/helloworld/routes/index - 错误错误粗我
[2017-07-06 17:32:08.185] [ERROR] /Users/zhangzhao/Desktop/nodejs/helloworld/routes/index - 错误
[2017-07-06 17:32:08.185] [WARN] /Users/zhangzhao/Desktop/nodejs/helloworld/routes/index - 警告
[2017-07-06 17:32:08.201] [WARN] [default] - GET /
[2017-07-06 17:32:08.217] [WARN] [default] - GET /stylesheets/style.css
[2017-07-06 17:32:17.787] [ERROR] [default] - GET /logs

[2017-07-06 17:32:57.693] [INFO] [default] - GET /users/logs
[2017-07-06 17:36:47.659] [INFO] console - 读取日志：
[2017-07-06 17:31:11.652] [INFO] /Users/zhangzhao/Desktop/nodejs/helloworld/routes/index - This i    kkkkkkkk   s an index page!
[2017-07-06 17:31:11.655] [ERROR] /Users/zhangzhao/Desktop/nodejs/helloworld/routes/index - 错误错误粗我
[2017-07-06 17:31:11.655] [ERROR] /Users/zhangzhao/Desktop/nodejs/helloworld/routes/index - 错误
[2017-07-06 17:31:11.656] [WARN] /Users/zhangzhao/Desktop/nodejs/helloworld/routes/index - 警告
[2017-07-06 17:31:11.671] [WARN] [default] - GET /
[2017-07-06 17:31:11.686] [WARN] [default] - GET /stylesheets/style.css
[2017-07-06 17:32:08.180] [INFO] /Users/zhangzhao/Desktop/nodejs/helloworld/routes/index - This i    kkkkkkkk   s an index page!
[2017-07-06 17:32:08.184] [ERROR] /Users/zhangzhao/Desktop/nodejs/helloworld/routes/index - 错误错误粗我
[2017-07-06 17:32:08.185] [ERROR] /Users/zhangzhao/Desktop/nodejs/helloworld/routes/index - 错误
[2017-07-06 17:32:08.185] [WARN] /Users/zhangzhao/Desktop/nodejs/helloworld/routes/index - 警告
[2017-07-06 17:32:08.201] [WARN] [default] - GET /
[2017-07-06 17:32:08.217] [WARN] [default] - GET /stylesheets/style.css
[2017-07-06 17:32:17.787] [ERROR] [default] - GET /logs
[2017-07-06 17:32:57.688] [INFO] console - 读取日志：
[2017-07-06 17:31:11.652] [INFO] /Users/zhangzhao/Desktop/nodejs/helloworld/routes/index - This i    kkkkkkkk   s an index page!
[2017-07-06 17:31:11.655] [ERROR] /Users/zhangzhao/Desktop/nodejs/helloworld/routes/index - 错误错误粗我
[2017-07-06 17:31:11.655] [ERROR] /Users/zhangzhao/Desktop/nodejs/helloworld/routes/index - 错误
[2017-07-06 17:31:11.656] [WARN] /Users/zhangzhao/Desktop/nodejs/helloworld/routes/index - 警告
[2017-07-06 17:31:11.671] [WARN] [default] - GET /
[2017-07-06 17:31:11.686] [WARN] [default] - GET /stylesheets/style.css
[2017-07-06 17:32:08.180] [INFO] /Users/zhangzhao/Desktop/nodejs/helloworld/routes/index - This i    kkkkkkkk   s an index page!
[2017-07-06 17:32:08.184] [ERROR] /Users/zhangzhao/Desktop/nodejs/helloworld/routes/index - 错误错误粗我
[2017-07-06 17:32:08.185] [ERROR] /Users/zhangzhao/Desktop/nodejs/helloworld/routes/index - 错误
[2017-07-06 17:32:08.185] [WARN] /Users/zhangzhao/Desktop/nodejs/helloworld/routes/index - 警告
[2017-07-06 17:32:08.201] [WARN] [default] - GET /
[2017-07-06 17:32:08.217] [WARN] [default] - GET /stylesheets/style.css
[2017-07-06 17:32:17.787] [ERROR] [default] - GET /logs

[2017-07-06 17:32:57.693] [INFO] [default] - GET /users/logs

[2017-07-06 17:36:47.660] [INFO] [default] - GET /users/logs

[2017-07-07 09:39:10.200] [INFO] [default] - GET /users/logs
[2017-07-07 09:39:45.870] [INFO] /Users/zhangzhao/Desktop/nodejs/helloworld/routes/index - This i    kkkkkkkk   s an index page!
[2017-07-07 09:39:45.871] [ERROR] /Users/zhangzhao/Desktop/nodejs/helloworld/routes/index - 错误错误粗我
[2017-07-07 09:39:45.872] [ERROR] /Users/zhangzhao/Desktop/nodejs/helloworld/routes/index - 错误
[2017-07-07 09:39:45.872] [WARN] /Users/zhangzhao/Desktop/nodejs/helloworld/routes/index - 警告
[2017-07-07 09:39:45.876] [WARN] [default] - GET /
[2017-07-07 09:39:45.894] [WARN] [default] - GET /stylesheets/style.css
[2017-07-07 09:40:07.823] [WARN] [default] - GET /users
[2017-07-07 09:40:09.117] [INFO] console - 连接成功！
[2017-07-07 09:40:09.354] [INFO] console - { result: { ok: 1, n: 2, opTime: { ts: [Object], t: 1 } },
  ops: 
   [ { name: '菜鸟教程',
       url: 'www.runoob.com',
       _id: 595ee6793b0c5c1396cad893 },
     { name: '菜鸟工具',
       url: 'c.runoob.com',
       _id: 595ee6793b0c5c1396cad894 } ],
  insertedCount: 2,
  insertedIds: [ 595ee6793b0c5c1396cad893, 595ee6793b0c5c1396cad894 ] }
